<?xml version="1.0" encoding="UTF-8"?>
<!-- Generated by org.testng.reporters.JUnitReportReporter -->
<testsuite skipped="0" hostname="DESKTOP-KU8BOS8" name="CurrencyTest" tests="1" failures="0" timestamp="2020-07-02T21:31:29 CST" time="18.818" errors="0">
  <testcase name="Currency" time="18.818" classname="CurrencyTest"/>
  <system-out/>
</testsuite> <!-- CurrencyTest -->
