<?xml version="1.0" encoding="UTF-8"?>
<!-- Generated by org.testng.reporters.JUnitReportReporter -->
<testsuite skipped="0" hostname="DESKTOP-KU8BOS8" name="SearchProductTest" tests="1" failures="0" timestamp="2020-07-02T21:31:29 CST" time="14.312" errors="0">
  <testcase name="searchProduct" time="14.312" classname="SearchProductTest"/>
  <system-out/>
</testsuite> <!-- SearchProductTest -->
